This is pdfTeX, Version 3.14159265-2.6-1.40.21 (TeX Live 2020) (preloaded format=pdflatex 2020.4.7)  27 APR 2020 10:07
entering extended mode
 restricted \write18 enabled.
 %&-line parsing enabled.
**machinelearning.tex
(./machinelearning.tex
LaTeX2e <2020-02-02> patch level 5
L3 programming layer <2020-03-06>
(/usr/local/texlive/2020/texmf-dist/tex/latex/base/article.cls
Document Class: article 2019/12/20 v1.4l Standard LaTeX document class
(/usr/local/texlive/2020/texmf-dist/tex/latex/base/size12.clo
File: size12.clo 2019/12/20 v1.4l Standard LaTeX file (size option)
)
\c@part=\count167
\c@section=\count168
\c@subsection=\count169
\c@subsubsection=\count170
\c@paragraph=\count171
\c@subparagraph=\count172
\c@figure=\count173
\c@table=\count174
\abovecaptionskip=\skip47
\belowcaptionskip=\skip48
\bibindent=\dimen134
)
(/usr/local/texlive/2020/texmf-dist/tex/latex/geometry/geometry.sty
Package: geometry 2020/01/02 v5.9 Page Geometry

(/usr/local/texlive/2020/texmf-dist/tex/latex/graphics/keyval.sty
Package: keyval 2014/10/28 v1.15 key=value parser (DPC)
\KV@toks@=\toks15
)
(/usr/local/texlive/2020/texmf-dist/tex/generic/iftex/ifvtex.sty
Package: ifvtex 2019/10/25 v1.7 ifvtex legacy package. Use iftex instead.

(/usr/local/texlive/2020/texmf-dist/tex/generic/iftex/iftex.sty
Package: iftex 2020/03/06 v1.0d TeX engine tests
))
\Gm@cnth=\count175
\Gm@cntv=\count176
\c@Gm@tempcnt=\count177
\Gm@bindingoffset=\dimen135
\Gm@wd@mp=\dimen136
\Gm@odd@mp=\dimen137
\Gm@even@mp=\dimen138
\Gm@layoutwidth=\dimen139
\Gm@layoutheight=\dimen140
\Gm@layouthoffset=\dimen141
\Gm@layoutvoffset=\dimen142
\Gm@dimlist=\toks16
)
(/usr/local/texlive/2020/texmf-dist/tex/latex/base/inputenc.sty
Package: inputenc 2018/08/11 v1.3c Input encoding file
\inpenc@prehook=\toks17
\inpenc@posthook=\toks18
)
(/usr/local/texlive/2020/texmf-dist/tex/latex/tools/verbatim.sty
Package: verbatim 2019/11/10 v1.5r LaTeX2e package for verbatim enhancements
\every@verbatim=\toks19
\verbatim@line=\toks20
\verbatim@in@stream=\read2
)
(/usr/local/texlive/2020/texmf-dist/tex/latex/graphics/graphicx.sty
Package: graphicx 2019/11/30 v1.2a Enhanced LaTeX Graphics (DPC,SPQR)

(/usr/local/texlive/2020/texmf-dist/tex/latex/graphics/graphics.sty
Package: graphics 2019/11/30 v1.4a Standard LaTeX Graphics (DPC,SPQR)

(/usr/local/texlive/2020/texmf-dist/tex/latex/graphics/trig.sty
Package: trig 2016/01/03 v1.10 sin cos tan (DPC)
)
(/usr/local/texlive/2020/texmf-dist/tex/latex/graphics-cfg/graphics.cfg
File: graphics.cfg 2016/06/04 v1.11 sample graphics configuration
)
Package graphics Info: Driver file: pdftex.def on input line 105.

(/usr/local/texlive/2020/texmf-dist/tex/latex/graphics-def/pdftex.def
File: pdftex.def 2018/01/08 v1.0l Graphics/color driver for pdftex
))
\Gin@req@height=\dimen143
\Gin@req@width=\dimen144
)
(/usr/local/texlive/2020/texmf-dist/tex/latex/koma-script/scrextend.sty
Package: scrextend 2020/01/24 v3.29 KOMA-Script package (extend other classes w
ith features of KOMA-Script classes)

(/usr/local/texlive/2020/texmf-dist/tex/latex/koma-script/scrkbase.sty
Package: scrkbase 2020/01/24 v3.29 KOMA-Script package (KOMA-Script-dependent b
asics and keyval usage)

(/usr/local/texlive/2020/texmf-dist/tex/latex/koma-script/scrbase.sty
Package: scrbase 2020/01/24 v3.29 KOMA-Script package (KOMA-Script-independent 
basics and keyval usage)

(/usr/local/texlive/2020/texmf-dist/tex/latex/koma-script/scrlfile.sty
Package: scrlfile 2020/01/24 v3.29 KOMA-Script package (loading files)
))))
(/usr/local/texlive/2020/texmf-dist/tex/latex/l3backend/l3backend-pdfmode.def
File: l3backend-pdfmode.def 2020-03-12 L3 backend support: PDF mode
\l__kernel_color_stack_int=\count178
\l__pdf_internal_box=\box45
)
(./machinelearning.aux)
\openout1 = `machinelearning.aux'.

LaTeX Font Info:    Checking defaults for OML/cmm/m/it on input line 15.
LaTeX Font Info:    ... okay on input line 15.
LaTeX Font Info:    Checking defaults for OMS/cmsy/m/n on input line 15.
LaTeX Font Info:    ... okay on input line 15.
LaTeX Font Info:    Checking defaults for OT1/cmr/m/n on input line 15.
LaTeX Font Info:    ... okay on input line 15.
LaTeX Font Info:    Checking defaults for T1/cmr/m/n on input line 15.
LaTeX Font Info:    ... okay on input line 15.
LaTeX Font Info:    Checking defaults for TS1/cmr/m/n on input line 15.
LaTeX Font Info:    ... okay on input line 15.
LaTeX Font Info:    Checking defaults for OMX/cmex/m/n on input line 15.
LaTeX Font Info:    ... okay on input line 15.
LaTeX Font Info:    Checking defaults for U/cmr/m/n on input line 15.
LaTeX Font Info:    ... okay on input line 15.

*geometry* driver: auto-detecting
*geometry* detected driver: pdftex
*geometry* verbose mode - [ preamble ] result:
* driver: pdftex
* paper: legalpaper
* layout: <same size as paper>
* layoutoffset:(h,v)=(0.0pt,0.0pt)
* modes: 
* h-part:(L,W,R)=(36.135pt, 542.02501pt, 36.135pt)
* v-part:(T,H,B)=(36.135pt, 903.37502pt, 72.26999pt)
* \paperwidth=614.295pt
* \paperheight=1011.78pt
* \textwidth=542.02501pt
* \textheight=903.37502pt
* \oddsidemargin=-36.135pt
* \evensidemargin=-36.135pt
* \topmargin=-73.135pt
* \headheight=12.0pt
* \headsep=25.0pt
* \topskip=12.0pt
* \footskip=30.0pt
* \marginparwidth=44.0pt
* \marginparsep=10.0pt
* \columnsep=10.0pt
* \skip\footins=10.8pt plus 4.0pt minus 2.0pt
* \hoffset=0.0pt
* \voffset=0.0pt
* \mag=1000
* \@twocolumnfalse
* \@twosidefalse
* \@mparswitchfalse
* \@reversemarginfalse
* (1in=72.27pt=25.4mm, 1cm=28.453pt)

(/usr/local/texlive/2020/texmf-dist/tex/context/base/mkii/supp-pdf.mkii
[Loading MPS to PDF converter (version 2006.09.02).]
\scratchcounter=\count179
\scratchdimen=\dimen145
\scratchbox=\box46
\nofMPsegments=\count180
\nofMParguments=\count181
\everyMPshowfont=\toks21
\MPscratchCnt=\count182
\MPscratchDim=\dimen146
\MPnumerator=\count183
\makeMPintoPDFobject=\count184
\everyMPtoPDFconversion=\toks22
) (/usr/local/texlive/2020/texmf-dist/tex/latex/epstopdf-pkg/epstopdf-base.sty
Package: epstopdf-base 2020-01-24 v2.11 Base part for package epstopdf
Package epstopdf-base Info: Redefining graphics rule for `.eps' on input line 4
85.

(/usr/local/texlive/2020/texmf-dist/tex/latex/latexconfig/epstopdf-sys.cfg
File: epstopdf-sys.cfg 2010/07/13 v1.3 Configuration of (r)epstopdf for TeX Liv
e
))
LaTeX Font Info:    External font `cmex10' loaded for size
(Font)              <12> on input line 22.
LaTeX Font Info:    External font `cmex10' loaded for size
(Font)              <8> on input line 22.
LaTeX Font Info:    External font `cmex10' loaded for size
(Font)              <6> on input line 22.
<diagram1.png, id=1, 429.605pt x 321.2pt>
File: diagram1.png Graphic file (type png)
<use diagram1.png>
Package pdftex.def Info: diagram1.png  used on input line 31.
(pdftex.def)             Requested size: 214.80197pt x 160.59961pt.
<neuralnetworks.png, id=3, 431.6125pt x 325.215pt>
File: neuralnetworks.png Graphic file (type png)
<use neuralnetworks.png>
Package pdftex.def Info: neuralnetworks.png  used on input line 43.
(pdftex.def)             Requested size: 215.80571pt x 162.6071pt.

[1

{/usr/local/texlive/2020/texmf-var/fonts/map/pdftex/updmap/pdftex.map} <./diagr
am1.png> <./neuralnetworks.png>]
<decisiontree.png, id=15, 464.73625pt x 262.9825pt>
File: decisiontree.png Graphic file (type png)
<use decisiontree.png>
Package pdftex.def Info: decisiontree.png  used on input line 61.
(pdftex.def)             Requested size: 232.36755pt x 131.49092pt.
<appliedmodel.png, id=16, 463.7325pt x 261.97874pt>
File: appliedmodel.png Graphic file (type png)
<use appliedmodel.png>
Package pdftex.def Info: appliedmodel.png  used on input line 61.
(pdftex.def)             Requested size: 231.86568pt x 130.98904pt.
<splitnom.png, id=17, 464.73625pt x 261.97874pt>
File: splitnom.png Graphic file (type png)
<use splitnom.png>
Package pdftex.def Info: splitnom.png  used on input line 103.
(pdftex.def)             Requested size: 162.6075pt x 91.66194pt.
<splitord.png, id=18, 464.73625pt x 264.99pt>
File: splitord.png Graphic file (type png)
<use splitord.png>
Package pdftex.def Info: splitord.png  used on input line 104.
(pdftex.def)             Requested size: 162.6075pt x 92.71553pt.
<splitcontinuous.png, id=19, 462.72874pt x 264.99pt>
File: splitcontinuous.png Graphic file (type png)
<use splitcontinuous.png>
Package pdftex.def Info: splitcontinuous.png  used on input line 105.
(pdftex.def)             Requested size: 162.6075pt x 93.11987pt.
<bestsplit.png, id=20, 455.7025pt x 261.97874pt>
File: bestsplit.png Graphic file (type png)
<use bestsplit.png>
Package pdftex.def Info: bestsplit.png  used on input line 107.
(pdftex.def)             Requested size: 205.06422pt x 117.88934pt.

Underfull \hbox (badness 10000) in paragraph at lines 103--108

 []

[2

 <./decisiontree.png> <./appliedmodel.png> <./splitnom.png> <./splitord.png> <.
/splitcontinuous.png> <./bestsplit.png>] [3]
<gini.png, id=33, 461.725pt x 264.99pt>
File: gini.png Graphic file (type png)
<use gini.png>
Package pdftex.def Info: gini.png  used on input line 151.
(pdftex.def)             Requested size: 230.86194pt x 132.49467pt.
<impurity.png, id=34, 460.72125pt x 259.97125pt>
File: impurity.png Graphic file (type png)
<use impurity.png>
Package pdftex.def Info: impurity.png  used on input line 152.
(pdftex.def)             Requested size: 230.36006pt x 129.9853pt.

Underfull \hbox (badness 10000) in paragraph at lines 150--154

 []


Underfull \hbox (badness 10000) in paragraph at lines 155--157

 []

<entropy.png, id=35, 525.965pt x 213.79875pt>
File: entropy.png Graphic file (type png)
<use entropy.png>
Package pdftex.def Info: entropy.png  used on input line 165.
(pdftex.def)             Requested size: 262.98184pt x 106.89911pt.
<classification.png, id=36, 470.75874pt x 251.94125pt>
File: classification.png Graphic file (type png)
<use classification.png>
Package pdftex.def Info: classification.png  used on input line 167.
(pdftex.def)             Requested size: 235.3788pt x 125.9703pt.

Underfull \hbox (badness 10000) in paragraph at lines 166--168

 []

[4

 <./gini.png> <./impurity.png> <./entropy.png> <./classification.png>]
<ensemble.png, id=44, 523.9575pt x 289.08pt>
File: ensemble.png Graphic file (type png)
<use ensemble.png>
Package pdftex.def Info: ensemble.png  used on input line 183.
(pdftex.def)             Requested size: 261.9781pt x 144.53964pt.
<prediction.png, id=45, 232.87pt x 80.3pt>
File: prediction.png Graphic file (type png)
<use prediction.png>
Package pdftex.def Info: prediction.png  used on input line 191.
(pdftex.def)             Requested size: 116.43471pt x 40.14989pt.
<bagging.png, id=46, 522.95375pt x 291.0875pt>
File: bagging.png Graphic file (type png)
<use bagging.png>
Package pdftex.def Info: bagging.png  used on input line 202.
(pdftex.def)             Requested size: 209.1778pt x 116.43292pt.
<bagging1.png, id=47, 500.87125pt x 252.945pt>
File: bagging1.png Graphic file (type png)
<use bagging1.png>
Package pdftex.def Info: bagging1.png  used on input line 203.
(pdftex.def)             Requested size: 200.34494pt x 101.17621pt.

[5

 <./ensemble.png> <./prediction.png> <./bagging.png> <./bagging1.png>]
<forest.png, id=56, 494.84875pt x 255.95625pt>
File: forest.png Graphic file (type png)
<use forest.png>
Package pdftex.def Info: forest.png  used on input line 218.
(pdftex.def)             Requested size: 222.67989pt x 115.17923pt.
<choices.png, id=57, 513.92pt x 283.0575pt>
File: choices.png Graphic file (type png)
<use choices.png>
Package pdftex.def Info: choices.png  used on input line 219.
(pdftex.def)             Requested size: 231.26186pt x 127.37468pt.
<rules.png, id=58, 489.83pt x 210.7875pt>
File: rules.png Graphic file (type png)
<use rules.png>
Package pdftex.def Info: rules.png  used on input line 220.
(pdftex.def)             Requested size: 220.42146pt x 94.8535pt.
<implementation.png, id=59, 494.84875pt x 251.94125pt>
File: implementation.png Graphic file (type png)
<use implementation.png>
Package pdftex.def Info: implementation.png  used on input line 221.
(pdftex.def)             Requested size: 222.67989pt x 113.37251pt.
<boosting.png, id=60, 507.8975pt x 251.94125pt>
File: boosting.png Graphic file (type png)
<use boosting.png>
Package pdftex.def Info: boosting.png  used on input line 230.
(pdftex.def)             Requested size: 228.55176pt x 113.37251pt.
<boostexample.png, id=61, 528.97626pt x 296.10625pt>
File: boostexample.png Graphic file (type png)
<use boostexample.png>
Package pdftex.def Info: boostexample.png  used on input line 240.
(pdftex.def)             Requested size: 238.03711pt x 133.24657pt.
<adaboost.png, id=62, 484.81125pt x 268.00125pt>
File: adaboost.png Graphic file (type png)
<use adaboost.png>
Package pdftex.def Info: adaboost.png  used on input line 242.
(pdftex.def)             Requested size: 218.16304pt x 120.59944pt.

[6 <./forest.png> <./choices.png> <./rules.png> <./implementation.png> <./boost
ing.png> <./boostexample.png> <./adaboost.png>] [7

] [8

] (./machinelearning.aux) ) 
Here is how much of TeX's memory you used:
 2557 strings out of 480608
 39846 string characters out of 5903631
 309412 words of memory out of 5000000
 18434 multiletter control sequences out of 15000+600000
 536065 words of font info for 36 fonts, out of 8000000 for 9000
 1141 hyphenation exceptions out of 8191
 39i,7n,34p,332b,404s stack positions out of 5000i,500n,10000p,200000b,80000s
{/usr/local/texlive/2020/texmf-dist/fonts/enc/dvips/
cm-super/cm-super-ts1.enc}</usr/local/texlive/2020/texmf-dist/fonts/type1/publi
c/amsfonts/cm/cmbx12.pfb></usr/local/texlive/2020/texmf-dist/fonts/type1/public
/amsfonts/cm/cmmi12.pfb></usr/local/texlive/2020/texmf-dist/fonts/type1/public/
amsfonts/cm/cmmi8.pfb></usr/local/texlive/2020/texmf-dist/fonts/type1/public/am
sfonts/cm/cmr12.pfb></usr/local/texlive/2020/texmf-dist/fonts/type1/public/amsf
onts/cm/cmr8.pfb></usr/local/texlive/2020/texmf-dist/fonts/type1/public/amsfont
s/cm/cmti12.pfb></usr/local/texlive/2020/texmf-dist/fonts/type1/public/cm-super
/sfrm1200.pfb>
Output written on machinelearning.pdf (8 pages, 3362595 bytes).
PDF statistics:
 107 PDF objects out of 1000 (max. 8388607)
 43 compressed objects within 1 object stream
 0 named destinations out of 1000 (max. 500000)
 116 words of extra memory for PDF output out of 10000 (max. 10000000)

